current directory: /Users/takashimiyasato/workspace/labor_pains_online/vender/bundle/ruby/3.0.0/gems/ed25519-1.3.0/ext/ed25519_ref10
/Users/takashimiyasato/.rbenv/versions/3.0.1/bin/ruby -I /Users/takashimiyasato/.rbenv/versions/3.0.1/lib/ruby/3.0.0 -r ./siteconf20221220-26280-smuxvb.rb extconf.rb
creating Makefile

current directory: /Users/takashimiyasato/workspace/labor_pains_online/vender/bundle/ruby/3.0.0/gems/ed25519-1.3.0/ext/ed25519_ref10
make DESTDIR\= clean

current directory: /Users/takashimiyasato/workspace/labor_pains_online/vender/bundle/ruby/3.0.0/gems/ed25519-1.3.0/ext/ed25519_ref10
make DESTDIR\=
compiling ed25519_ref10.c
compiling fe.c
compiling ge.c
compiling keypair.c
compiling open.c
compiling sc_muladd.c
compiling sc_reduce.c
compiling sha512.c
compiling sign.c
compiling verify.c
linking shared-object ed25519_ref10.bundle
ld: warning: -undefined dynamic_lookup may not work with chained fixups

current directory: /Users/takashimiyasato/workspace/labor_pains_online/vender/bundle/ruby/3.0.0/gems/ed25519-1.3.0/ext/ed25519_ref10
make DESTDIR\= install
/usr/bin/install -c -m 0755 ed25519_ref10.bundle ./.gem.20221220-26280-5ewh52
